This is pdfTeX, Version 3.14159265-2.6-1.40.21 (TeX Live 2020) (preloaded format=pdflatex 2020.7.31)  31 JUL 2020 19:16
entering extended mode
 restricted \write18 enabled.
 %&-line parsing enabled.
**Final_Manuscript.tex
(./Final_Manuscript.tex
LaTeX2e <2020-02-02> patch level 5
L3 programming layer <2020-07-17> (/Users/laneejung/Library/TinyTeX/texmf-dist/
tex/latex/apa6/apa6.cls
Document Class: apa6 2020/01/13 v2.34 APA formatting (6th edition)
(/Users/laneejung/Library/TinyTeX/texmf-dist/tex/latex/base/article.cls
Document Class: article 2019/12/20 v1.4l Standard LaTeX document class
(/Users/laneejung/Library/TinyTeX/texmf-dist/tex/latex/base/size12.clo
File: size12.clo 2019/12/20 v1.4l Standard LaTeX file (size option)
)
\c@part=\count168
\c@section=\count169
\c@subsection=\count170
\c@subsubsection=\count171
\c@paragraph=\count172
\c@subparagraph=\count173
\c@figure=\count174
\c@table=\count175
\abovecaptionskip=\skip47
\belowcaptionskip=\skip48
\bibindent=\dimen134
) (/Users/laneejung/Library/TinyTeX/texmf-dist/tex/latex/etoolbox/etoolbox.sty
Package: etoolbox 2020/07/15 v2.5i e-TeX tools for LaTeX (JAW)
\etb@tempcnta=\count176
)
Class apa6 Info: No bibliography package was specified; defaulting to (but not 
loading) Biblatex on input line 213.
(/Users/laneejung/Library/TinyTeX/texmf-dist/tex/latex/lm/lmodern.sty
Package: lmodern 2009/10/30 v1.6 Latin Modern Fonts
LaTeX Font Info:    Overwriting symbol font `operators' in version `normal'
(Font)                  OT1/cmr/m/n --> OT1/lmr/m/n on input line 22.
LaTeX Font Info:    Overwriting symbol font `letters' in version `normal'
(Font)                  OML/cmm/m/it --> OML/lmm/m/it on input line 23.
LaTeX Font Info:    Overwriting symbol font `symbols' in version `normal'
(Font)                  OMS/cmsy/m/n --> OMS/lmsy/m/n on input line 24.
LaTeX Font Info:    Overwriting symbol font `largesymbols' in version `normal'
(Font)                  OMX/cmex/m/n --> OMX/lmex/m/n on input line 25.
LaTeX Font Info:    Overwriting symbol font `operators' in version `bold'
(Font)                  OT1/cmr/bx/n --> OT1/lmr/bx/n on input line 26.
LaTeX Font Info:    Overwriting symbol font `letters' in version `bold'
(Font)                  OML/cmm/b/it --> OML/lmm/b/it on input line 27.
LaTeX Font Info:    Overwriting symbol font `symbols' in version `bold'
(Font)                  OMS/cmsy/b/n --> OMS/lmsy/b/n on input line 28.
LaTeX Font Info:    Overwriting symbol font `largesymbols' in version `bold'
(Font)                  OMX/cmex/m/n --> OMX/lmex/m/n on input line 29.
LaTeX Font Info:    Overwriting math alphabet `\mathbf' in version `normal'
(Font)                  OT1/cmr/bx/n --> OT1/lmr/bx/n on input line 31.
LaTeX Font Info:    Overwriting math alphabet `\mathsf' in version `normal'
(Font)                  OT1/cmss/m/n --> OT1/lmss/m/n on input line 32.
LaTeX Font Info:    Overwriting math alphabet `\mathit' in version `normal'
(Font)                  OT1/cmr/m/it --> OT1/lmr/m/it on input line 33.
LaTeX Font Info:    Overwriting math alphabet `\mathtt' in version `normal'
(Font)                  OT1/cmtt/m/n --> OT1/lmtt/m/n on input line 34.
LaTeX Font Info:    Overwriting math alphabet `\mathbf' in version `bold'
(Font)                  OT1/cmr/bx/n --> OT1/lmr/bx/n on input line 35.
LaTeX Font Info:    Overwriting math alphabet `\mathsf' in version `bold'
(Font)                  OT1/cmss/bx/n --> OT1/lmss/bx/n on input line 36.
LaTeX Font Info:    Overwriting math alphabet `\mathit' in version `bold'
(Font)                  OT1/cmr/bx/it --> OT1/lmr/bx/it on input line 37.
LaTeX Font Info:    Overwriting math alphabet `\mathtt' in version `bold'
(Font)                  OT1/cmtt/m/n --> OT1/lmtt/m/n on input line 38.
) (/Users/laneejung/Library/TinyTeX/texmf-dist/tex/latex/base/fontenc.sty
Package: fontenc 2020/02/11 v2.0o Standard LaTeX package
LaTeX Font Info:    Trying to load font information for T1+lmr on input line 11
2.
(/Users/laneejung/Library/TinyTeX/texmf-dist/tex/latex/lm/t1lmr.fd
File: t1lmr.fd 2009/10/30 v1.6 Font defs for Latin Modern
)) (/Users/laneejung/Library/TinyTeX/texmf-dist/tex/latex/geometry/geometry.sty
Package: geometry 2020/01/02 v5.9 Page Geometry
(/Users/laneejung/Library/TinyTeX/texmf-dist/tex/latex/graphics/keyval.sty
Package: keyval 2014/10/28 v1.15 key=value parser (DPC)
\KV@toks@=\toks15
) (/Users/laneejung/Library/TinyTeX/texmf-dist/tex/generic/iftex/ifvtex.sty
Package: ifvtex 2019/10/25 v1.7 ifvtex legacy package. Use iftex instead.
(/Users/laneejung/Library/TinyTeX/texmf-dist/tex/generic/iftex/iftex.sty
Package: iftex 2020/03/06 v1.0d TeX engine tests
))
\Gm@cnth=\count177
\Gm@cntv=\count178
\c@Gm@tempcnt=\count179
\Gm@bindingoffset=\dimen135
\Gm@wd@mp=\dimen136
\Gm@odd@mp=\dimen137
\Gm@even@mp=\dimen138
\Gm@layoutwidth=\dimen139
\Gm@layoutheight=\dimen140
\Gm@layouthoffset=\dimen141
\Gm@layoutvoffset=\dimen142
\Gm@dimlist=\toks16
) (/Users/laneejung/Library/TinyTeX/texmf-dist/tex/latex/graphics/graphicx.sty
Package: graphicx 2019/11/30 v1.2a Enhanced LaTeX Graphics (DPC,SPQR)
(/Users/laneejung/Library/TinyTeX/texmf-dist/tex/latex/graphics/graphics.sty
Package: graphics 2019/11/30 v1.4a Standard LaTeX Graphics (DPC,SPQR)
(/Users/laneejung/Library/TinyTeX/texmf-dist/tex/latex/graphics/trig.sty
Package: trig 2016/01/03 v1.10 sin cos tan (DPC)
)
(/Users/laneejung/Library/TinyTeX/texmf-dist/tex/latex/graphics-cfg/graphics.cf
g
File: graphics.cfg 2016/06/04 v1.11 sample graphics configuration
)
Package graphics Info: Driver file: pdftex.def on input line 105.
(/Users/laneejung/Library/TinyTeX/texmf-dist/tex/latex/graphics-def/pdftex.def
File: pdftex.def 2018/01/08 v1.0l Graphics/color driver for pdftex
))
\Gin@req@height=\dimen143
\Gin@req@width=\dimen144
) (/Users/laneejung/Library/TinyTeX/texmf-dist/tex/latex/booktabs/booktabs.sty
Package: booktabs 2020/01/12 v1.61803398 Publication quality tables
\heavyrulewidth=\dimen145
\lightrulewidth=\dimen146
\cmidrulewidth=\dimen147
\belowrulesep=\dimen148
\belowbottomsep=\dimen149
\aboverulesep=\dimen150
\abovetopsep=\dimen151
\cmidrulesep=\dimen152
\cmidrulekern=\dimen153
\defaultaddspace=\dimen154
\@cmidla=\count180
\@cmidlb=\count181
\@aboverulesep=\dimen155
\@belowrulesep=\dimen156
\@thisruleclass=\count182
\@lastruleclass=\count183
\@thisrulewidth=\dimen157
)
(/Users/laneejung/Library/TinyTeX/texmf-dist/tex/latex/threeparttable/threepart
table.sty
Package: threeparttable 2003/06/13  v 3.0
\@tempboxb=\box45
)
\b@level@one@skip=\skip49
\e@level@one@skip=\skip50
\b@level@two@skip=\skip51
\e@level@two@skip=\skip52
\b@level@three@skip=\skip53
\e@level@three@skip=\skip54
\b@level@four@skip=\skip55
\e@level@four@skip=\skip56
\b@level@five@skip=\skip57
\e@level@five@skip=\skip58
(/Users/laneejung/Library/TinyTeX/texmf-dist/tex/latex/caption/caption.sty
Package: caption 2020/05/30 v3.4k Customizing captions (AR)
(/Users/laneejung/Library/TinyTeX/texmf-dist/tex/latex/caption/caption3.sty
Package: caption3 2020/07/20 v1.12b caption3 kernel (AR)
Package caption3 Info: TeX engine: e-TeX on input line 61.
\captionmargin=\dimen158
\captionmargin@=\dimen159
\captionwidth=\dimen160
\caption@tempdima=\dimen161
\caption@indent=\dimen162
\caption@parindent=\dimen163
\caption@hangindent=\dimen164
Package caption Info: Standard document class detected.
)
\c@caption@flags=\count184
\c@continuedfloat=\count185
Package caption Info: threeparttable package is loaded.
)
\c@APAenum=\count186
\@text@par@indent=\skip59
\gr@box=\box46
\gr@boxwidth=\skip60
\gr@boxheight=\skip61
(/Users/laneejung/Library/TinyTeX/texmf-dist/tex/latex/tools/bm.sty
Package: bm 2019/07/24 v1.2d Bold Symbol Support (DPC/FMi)
\symboldoperators=\mathgroup4
\symboldletters=\mathgroup5
\symboldsymbols=\mathgroup6
LaTeX Font Info:    Redeclaring math alphabet \mathbf on input line 141.
LaTeX Info: Redefining \bm on input line 209.
)
\c@appendix=\count187
(/Users/laneejung/Library/TinyTeX/texmf-dist/tex/latex/fancyhdr/fancyhdr.sty
Package: fancyhdr 2019/01/31 v3.10 Extensive control of page headers and footer
s
\f@nch@headwidth=\skip62
\f@nch@O@elh=\skip63
\f@nch@O@erh=\skip64
\f@nch@O@olh=\skip65
\f@nch@O@orh=\skip66
\f@nch@O@elf=\skip67
\f@nch@O@erf=\skip68
\f@nch@O@olf=\skip69
\f@nch@O@orf=\skip70
) (/Users/laneejung/Library/TinyTeX/texmf-dist/tex/latex/endfloat/endfloat.sty
Package: endfloat 2019/04/15 v2.7 LaTeX2e package puts figures and tables at en
d (jdm)
\c@posttable=\count188
\efloat@postttt=\write3
\@ef@tttopen=\count189
\c@postfigure=\count190
\efloat@postfff=\write4
\@ef@fffopen=\count191
)) (/Users/laneejung/Library/TinyTeX/texmf-dist/tex/latex/amsfonts/amssymb.sty
Package: amssymb 2013/01/14 v3.01 AMS font symbols
(/Users/laneejung/Library/TinyTeX/texmf-dist/tex/latex/amsfonts/amsfonts.sty
Package: amsfonts 2013/01/14 v3.01 Basic AMSFonts support
\@emptytoks=\toks17
\symAMSa=\mathgroup7
\symAMSb=\mathgroup8
LaTeX Font Info:    Redeclaring math symbol \hbar on input line 98.
LaTeX Font Info:    Overwriting math alphabet `\mathfrak' in version `bold'
(Font)                  U/euf/m/n --> U/euf/b/n on input line 106.
)) (/Users/laneejung/Library/TinyTeX/texmf-dist/tex/latex/amsmath/amsmath.sty
Package: amsmath 2020/01/20 v2.17e AMS math features
\@mathmargin=\skip71
For additional information on amsmath, use the `?' option.
(/Users/laneejung/Library/TinyTeX/texmf-dist/tex/latex/amsmath/amstext.sty
Package: amstext 2000/06/29 v2.01 AMS text
(/Users/laneejung/Library/TinyTeX/texmf-dist/tex/latex/amsmath/amsgen.sty
File: amsgen.sty 1999/11/30 v2.0 generic functions
\@emptytoks=\toks18
\ex@=\dimen165
)) (/Users/laneejung/Library/TinyTeX/texmf-dist/tex/latex/amsmath/amsbsy.sty
Package: amsbsy 1999/11/29 v1.2d Bold Symbols
LaTeX Info: Redefining \boldsymbol on input line 28.
\pmbraise@=\dimen166
) (/Users/laneejung/Library/TinyTeX/texmf-dist/tex/latex/amsmath/amsopn.sty
Package: amsopn 2016/03/08 v2.02 operator names
)
\inf@bad=\count192
LaTeX Info: Redefining \frac on input line 227.
\uproot@=\count193
\leftroot@=\count194
LaTeX Info: Redefining \overline on input line 389.
\classnum@=\count195
\DOTSCASE@=\count196
LaTeX Info: Redefining \ldots on input line 486.
LaTeX Info: Redefining \dots on input line 489.
LaTeX Info: Redefining \cdots on input line 610.
\Mathstrutbox@=\box47
\strutbox@=\box48
\big@size=\dimen167
LaTeX Font Info:    Redeclaring font encoding OML on input line 733.
LaTeX Font Info:    Redeclaring font encoding OMS on input line 734.
\macc@depth=\count197
\c@MaxMatrixCols=\count198
\dotsspace@=\muskip16
\c@parentequation=\count199
\dspbrk@lvl=\count266
\tag@help=\toks19
\row@=\count267
\column@=\count268
\maxfields@=\count269
\andhelp@=\toks20
\eqnshift@=\dimen168
\alignsep@=\dimen169
\tagshift@=\dimen170
\tagwidth@=\dimen171
\totwidth@=\dimen172
\lineht@=\dimen173
\@envbody=\toks21
\multlinegap=\skip72
\multlinetaggap=\skip73
\mathdisplay@stack=\toks22
LaTeX Info: Redefining \[ on input line 2859.
LaTeX Info: Redefining \] on input line 2860.
) (/Users/laneejung/Library/TinyTeX/texmf-dist/tex/generic/iftex/ifxetex.sty
Package: ifxetex 2019/10/25 v0.7 ifxetex legacy package. Use iftex instead.
) (/Users/laneejung/Library/TinyTeX/texmf-dist/tex/generic/iftex/ifluatex.sty
Package: ifluatex 2019/10/25 v1.5 ifluatex legacy package. Use iftex instead.
) (/Users/laneejung/Library/TinyTeX/texmf-dist/tex/latex/base/fontenc.sty
Package: fontenc 2020/02/11 v2.0o Standard LaTeX package
) (/Users/laneejung/Library/TinyTeX/texmf-dist/tex/latex/base/inputenc.sty
Package: inputenc 2018/08/11 v1.3c Input encoding file
\inpenc@prehook=\toks23
\inpenc@posthook=\toks24
) (/Users/laneejung/Library/TinyTeX/texmf-dist/tex/latex/base/textcomp.sty
Package: textcomp 2020/02/02 v2.0n Standard LaTeX package
) (/Users/laneejung/Library/TinyTeX/texmf-dist/tex/latex/upquote/upquote.sty
Package: upquote 2012/04/19 v1.3 upright-quote and grave-accent glyphs in verba
tim
) (/Users/laneejung/Library/TinyTeX/texmf-dist/tex/latex/xcolor/xcolor.sty
Package: xcolor 2016/05/11 v2.12 LaTeX color extensions (UK)
(/Users/laneejung/Library/TinyTeX/texmf-dist/tex/latex/graphics-cfg/color.cfg
File: color.cfg 2016/01/02 v1.6 sample color configuration
)
Package xcolor Info: Driver file: pdftex.def on input line 225.
Package xcolor Info: Model `cmy' substituted by `cmy0' on input line 1348.
Package xcolor Info: Model `hsb' substituted by `rgb' on input line 1352.
Package xcolor Info: Model `RGB' extended on input line 1364.
Package xcolor Info: Model `HTML' substituted by `rgb' on input line 1366.
Package xcolor Info: Model `Hsb' substituted by `hsb' on input line 1367.
Package xcolor Info: Model `tHsb' substituted by `hsb' on input line 1368.
Package xcolor Info: Model `HSB' substituted by `hsb' on input line 1369.
Package xcolor Info: Model `Gray' substituted by `gray' on input line 1370.
Package xcolor Info: Model `wave' substituted by `hsb' on input line 1371.
) (/Users/laneejung/Library/TinyTeX/texmf-dist/tex/latex/hyperref/hyperref.sty
Package: hyperref 2020-05-15 v7.00e Hypertext links for LaTeX
(/Users/laneejung/Library/TinyTeX/texmf-dist/tex/generic/ltxcmds/ltxcmds.sty
Package: ltxcmds 2019/12/15 v1.24 LaTeX kernel commands for general use (HO)
)
(/Users/laneejung/Library/TinyTeX/texmf-dist/tex/generic/pdftexcmds/pdftexcmds.
sty
Package: pdftexcmds 2020-06-27 v0.33 Utility functions of pdfTeX for LuaTeX (HO
)

(/Users/laneejung/Library/TinyTeX/texmf-dist/tex/generic/infwarerr/infwarerr.st
y
Package: infwarerr 2019/12/03 v1.5 Providing info/warning/error messages (HO)
)
Package pdftexcmds Info: \pdf@primitive is available.
Package pdftexcmds Info: \pdf@ifprimitive is available.
Package pdftexcmds Info: \pdfdraftmode found.
)
(/Users/laneejung/Library/TinyTeX/texmf-dist/tex/generic/kvsetkeys/kvsetkeys.st
y
Package: kvsetkeys 2019/12/15 v1.18 Key value parser (HO)
)
(/Users/laneejung/Library/TinyTeX/texmf-dist/tex/generic/kvdefinekeys/kvdefinek
eys.sty
Package: kvdefinekeys 2019-12-19 v1.6 Define keys (HO)
)
(/Users/laneejung/Library/TinyTeX/texmf-dist/tex/generic/pdfescape/pdfescape.st
y
Package: pdfescape 2019/12/09 v1.15 Implements pdfTeX's escape features (HO)
) (/Users/laneejung/Library/TinyTeX/texmf-dist/tex/latex/hycolor/hycolor.sty
Package: hycolor 2020-01-27 v1.10 Color options for hyperref/bookmark (HO)
)
(/Users/laneejung/Library/TinyTeX/texmf-dist/tex/latex/letltxmacro/letltxmacro.
sty
Package: letltxmacro 2019/12/03 v1.6 Let assignment for LaTeX macros (HO)
) (/Users/laneejung/Library/TinyTeX/texmf-dist/tex/latex/auxhook/auxhook.sty
Package: auxhook 2019-12-17 v1.6 Hooks for auxiliary files (HO)
) (/Users/laneejung/Library/TinyTeX/texmf-dist/tex/latex/kvoptions/kvoptions.st
y
Package: kvoptions 2019/11/29 v3.13 Key value format for package options (HO)
)
\@linkdim=\dimen174
\Hy@linkcounter=\count270
\Hy@pagecounter=\count271
(/Users/laneejung/Library/TinyTeX/texmf-dist/tex/latex/hyperref/pd1enc.def
File: pd1enc.def 2020-05-15 v7.00e Hyperref: PDFDocEncoding definition (HO)
Now handling font encoding PD1 ...
... no UTF-8 mapping file for font encoding PD1
) (/Users/laneejung/Library/TinyTeX/texmf-dist/tex/generic/intcalc/intcalc.sty
Package: intcalc 2019/12/15 v1.3 Expandable calculations with integers (HO)
) (/Users/laneejung/Library/TinyTeX/texmf-dist/tex/generic/etexcmds/etexcmds.st
y
Package: etexcmds 2019/12/15 v1.7 Avoid name clashes with e-TeX commands (HO)
)
\Hy@SavedSpaceFactor=\count272
Package hyperref Info: Option `unicode' set `true' on input line 4338.
(/Users/laneejung/Library/TinyTeX/texmf-dist/tex/latex/hyperref/puenc.def
File: puenc.def 2020-05-15 v7.00e Hyperref: PDF Unicode definition (HO)
Now handling font encoding PU ...
... no UTF-8 mapping file for font encoding PU
)
Package hyperref Info: Hyper figures OFF on input line 4464.
Package hyperref Info: Link nesting OFF on input line 4469.
Package hyperref Info: Hyper index ON on input line 4472.
Package hyperref Info: Plain pages OFF on input line 4479.
Package hyperref Info: Backreferencing OFF on input line 4484.
Package hyperref Info: Implicit mode ON; LaTeX internals redefined.
Package hyperref Info: Bookmarks ON on input line 4717.
\c@Hy@tempcnt=\count273
(/Users/laneejung/Library/TinyTeX/texmf-dist/tex/latex/url/url.sty
\Urlmuskip=\muskip17
Package: url 2013/09/16  ver 3.4  Verb mode for urls, etc.
)
LaTeX Info: Redefining \url on input line 5076.
\XeTeXLinkMargin=\dimen175
(/Users/laneejung/Library/TinyTeX/texmf-dist/tex/generic/bitset/bitset.sty
Package: bitset 2019/12/09 v1.3 Handle bit-vector datatype (HO)

(/Users/laneejung/Library/TinyTeX/texmf-dist/tex/generic/bigintcalc/bigintcalc.
sty
Package: bigintcalc 2019/12/15 v1.5 Expandable calculations on big integers (HO
)
))
\Fld@menulength=\count274
\Field@Width=\dimen176
\Fld@charsize=\dimen177
Package hyperref Info: Hyper figures OFF on input line 6347.
Package hyperref Info: Link nesting OFF on input line 6352.
Package hyperref Info: Hyper index ON on input line 6355.
Package hyperref Info: backreferencing OFF on input line 6362.
Package hyperref Info: Link coloring OFF on input line 6367.
Package hyperref Info: Link coloring with OCG OFF on input line 6372.
Package hyperref Info: PDF/A mode OFF on input line 6377.
LaTeX Info: Redefining \ref on input line 6417.
LaTeX Info: Redefining \pageref on input line 6421.
(/Users/laneejung/Library/TinyTeX/texmf-dist/tex/generic/atbegshi/atbegshi.sty
Package: atbegshi 2019/12/05 v1.19 At begin shipout hook (HO)
)
\Hy@abspage=\count275
\c@Item=\count276
\c@Hfootnote=\count277
)
Package hyperref Info: Driver (autodetected): hpdftex.
(/Users/laneejung/Library/TinyTeX/texmf-dist/tex/latex/hyperref/hpdftex.def
File: hpdftex.def 2020-05-15 v7.00e Hyperref driver for pdfTeX
(/Users/laneejung/Library/TinyTeX/texmf-dist/tex/latex/atveryend/atveryend.sty
Package: atveryend 2019-12-11 v1.11 Hooks at the very end of document (HO)
)
\Fld@listcount=\count278
\c@bookmark@seq@number=\count279

(/Users/laneejung/Library/TinyTeX/texmf-dist/tex/latex/rerunfilecheck/rerunfile
check.sty
Package: rerunfilecheck 2019/12/05 v1.9 Rerun checks for auxiliary files (HO)

(/Users/laneejung/Library/TinyTeX/texmf-dist/tex/generic/uniquecounter/uniqueco
unter.sty
Package: uniquecounter 2019/12/15 v1.4 Provide unlimited unique counter (HO)
)
Package uniquecounter Info: New unique counter `rerunfilecheck' on input line 2
86.
)
\Hy@SectionHShift=\skip74
) (/Users/laneejung/Library/TinyTeX/texmf-dist/tex/latex/grffile/grffile.sty
Package: grffile 2019/11/11 v2.1 Extended file name support for graphics (legac
y)
Package grffile Info: This package is an empty stub for compatibility on input 
line 40.
) (/Users/laneejung/Library/TinyTeX/texmf-dist/tex/latex/csquotes/csquotes.sty
Package: csquotes 2019-12-06 v5.2j context-sensitive quotations (JAW)
\csq@reset=\count280
\csq@gtype=\count281
\csq@glevel=\count282
\csq@qlevel=\count283
\csq@maxlvl=\count284
\csq@tshold=\count285
\csq@ltx@everypar=\toks25
(/Users/laneejung/Library/TinyTeX/texmf-dist/tex/latex/csquotes/csquotes.def
File: csquotes.def 2019-12-06 v5.2j csquotes generic definitions (JAW)
)
Package csquotes Info: Trying to load configuration file 'csquotes.cfg'...
Package csquotes Info: ... configuration file loaded successfully.
(/Users/laneejung/Library/TinyTeX/texmf-dist/tex/latex/csquotes/csquotes.cfg
File: csquotes.cfg 
)) (/Users/laneejung/Library/TinyTeX/texmf-dist/tex/latex/was/upgreek.sty
Package: upgreek 2003/02/12 v2.0 (WaS)
Package upgreek Info: Using Euler Roman for upright Greek on input line 31.
\symugrf@m=\mathgroup9
LaTeX Font Info:    Overwriting symbol font `ugrf@m' in version `bold'
(Font)                  U/eur/m/n --> U/eur/b/n on input line 38.
) (/Users/laneejung/Library/TinyTeX/texmf-dist/tex/latex/tools/longtable.sty
Package: longtable 2020/01/07 v4.13 Multi-page Table package (DPC)
\LTleft=\skip75
\LTright=\skip76
\LTpre=\skip77
\LTpost=\skip78
\LTchunksize=\count286
\LTcapwidth=\dimen178
\LT@head=\box49
\LT@firsthead=\box50
\LT@foot=\box51
\LT@lastfoot=\box52
\LT@cols=\count287
\LT@rows=\count288
\c@LT@tables=\count289
\c@LT@chunks=\count290
\LT@p@ftn=\toks26
) (/Users/laneejung/Library/TinyTeX/texmf-dist/tex/latex/graphics/lscape.sty
Package: lscape 2000/10/22 v3.01 Landscape Pages (DPC)
) (/Users/laneejung/Library/TinyTeX/texmf-dist/tex/latex/multirow/multirow.sty
Package: multirow 2019/05/31 v2.5 Span multiple rows of a table
\multirow@colwidth=\skip79
\multirow@cntb=\count291
\multirow@dima=\skip80
\bigstrutjot=\dimen179
) (/Users/laneejung/Library/TinyTeX/texmf-dist/tex/latex/tools/tabularx.sty
Package: tabularx 2020/01/15 v2.11c `tabularx' package (DPC)
(/Users/laneejung/Library/TinyTeX/texmf-dist/tex/latex/tools/array.sty
Package: array 2019/08/31 v2.4l Tabular extension package (FMi)
\col@sep=\dimen180
\ar@mcellbox=\box53
\extrarowheight=\dimen181
\NC@list=\toks27
\extratabsurround=\skip81
\backup@length=\skip82
\ar@cellbox=\box54
)
\TX@col@width=\dimen182
\TX@old@table=\dimen183
\TX@old@col=\dimen184
\TX@target=\dimen185
\TX@delta=\dimen186
\TX@cols=\count292
\TX@ftn=\toks28
)
(/Users/laneejung/Library/TinyTeX/texmf-dist/tex/latex/threeparttablex/threepar
ttablex.sty
Package: threeparttablex 2013/07/23 v0.3 by daleif
(/Users/laneejung/Library/TinyTeX/texmf-dist/tex/latex/environ/environ.sty
Package: environ 2014/05/04 v0.3 A new way to define environments

(/Users/laneejung/Library/TinyTeX/texmf-dist/tex/latex/trimspaces/trimspaces.st
y
Package: trimspaces 2009/09/17 v1.1 Trim spaces around a token list
))
\TPTL@width=\skip83
)
\longtablewidth=\skip84
Package csquotes Info: Checking for multilingual support...
Package csquotes Info: ... none found.

(/Users/laneejung/Library/TinyTeX/texmf-dist/tex/latex/l3backend/l3backend-pdfm
ode.def
File: l3backend-pdfmode.def 2020-06-29 L3 backend support: PDF mode
\l__kernel_color_stack_int=\count293
\l__pdf_internal_box=\box55
) (./Final_Manuscript.aux)
\openout1 = `Final_Manuscript.aux'.

LaTeX Font Info:    Checking defaults for OML/cmm/m/it on input line 108.
LaTeX Font Info:    ... okay on input line 108.
LaTeX Font Info:    Checking defaults for OMS/cmsy/m/n on input line 108.
LaTeX Font Info:    ... okay on input line 108.
LaTeX Font Info:    Checking defaults for OT1/cmr/m/n on input line 108.
LaTeX Font Info:    ... okay on input line 108.
LaTeX Font Info:    Checking defaults for T1/cmr/m/n on input line 108.
LaTeX Font Info:    ... okay on input line 108.
LaTeX Font Info:    Checking defaults for TS1/cmr/m/n on input line 108.
LaTeX Font Info:    ... okay on input line 108.
LaTeX Font Info:    Checking defaults for OMX/cmex/m/n on input line 108.
LaTeX Font Info:    ... okay on input line 108.
LaTeX Font Info:    Checking defaults for U/cmr/m/n on input line 108.
LaTeX Font Info:    ... okay on input line 108.
LaTeX Font Info:    Checking defaults for PD1/pdf/m/n on input line 108.
LaTeX Font Info:    ... okay on input line 108.
LaTeX Font Info:    Checking defaults for PU/pdf/m/n on input line 108.
LaTeX Font Info:    ... okay on input line 108.
*geometry* driver: auto-detecting
*geometry* detected driver: pdftex
*geometry* verbose mode - [ preamble ] result:
* driver: pdftex
* paper: <default>
* layout: <same size as paper>
* layoutoffset:(h,v)=(0.0pt,0.0pt)
* modes: twoside 
* h-part:(L,W,R)=(72.26999pt, 469.75502pt, 72.26999pt)
* v-part:(T,H,B)=(72.26999pt, 650.43001pt, 72.26999pt)
* \paperwidth=614.295pt
* \paperheight=794.96999pt
* \textwidth=469.75502pt
* \textheight=650.43001pt
* \oddsidemargin=0.0pt
* \evensidemargin=0.0pt
* \topmargin=-37.0pt
* \headheight=15.2pt
* \headsep=25.0pt
* \topskip=12.0pt
* \footskip=30.0pt
* \marginparwidth=95.0pt
* \marginparsep=10.0pt
* \columnsep=10.0pt
* \skip\footins=10.8pt plus 4.0pt minus 2.0pt
* \hoffset=0.0pt
* \voffset=0.0pt
* \mag=1000
* \@twocolumnfalse
* \@twosidetrue
* \@mparswitchtrue
* \@reversemarginfalse
* (1in=72.27pt=25.4mm, 1cm=28.453pt)


(/Users/laneejung/Library/TinyTeX/texmf-dist/tex/latex/epstopdf-pkg/epstopdf-ba
se.sty
Package: epstopdf-base 2020-01-24 v2.11 Base part for package epstopdf
Package epstopdf-base Info: Redefining graphics rule for `.eps' on input line 4
85.

(/Users/laneejung/Library/TinyTeX/texmf-dist/tex/latex/latexconfig/epstopdf-sys
.cfg
File: epstopdf-sys.cfg 2010/07/13 v1.3 Configuration of (r)epstopdf for TeX Liv
e
))
(/Users/laneejung/Library/TinyTeX/texmf-dist/tex/latex/apa6/config/APAamerican.
txt
File: APAamerican.txt 2012/02/23 v1.25 apa6 configuration for American English
)
Package caption Info: Begin \AtBeginDocument code.
Package caption Info: hyperref package is loaded.
Package caption Info: longtable package is loaded.
(/Users/laneejung/Library/TinyTeX/texmf-dist/tex/latex/caption/ltcaption.sty
Package: ltcaption 2020/05/30 v1.4b longtable captions (AR)
)
Package caption Info: End \AtBeginDocument code.
\AtBeginShipoutBox=\box56
Package hyperref Info: Link coloring OFF on input line 108.
(/Users/laneejung/Library/TinyTeX/texmf-dist/tex/latex/hyperref/nameref.sty
Package: nameref 2019/09/16 v2.46 Cross-referencing by name of section
(/Users/laneejung/Library/TinyTeX/texmf-dist/tex/latex/refcount/refcount.sty
Package: refcount 2019/12/15 v3.6 Data extraction from label references (HO)
)
(/Users/laneejung/Library/TinyTeX/texmf-dist/tex/generic/gettitlestring/gettitl
estring.sty
Package: gettitlestring 2019/12/15 v1.6 Cleanup title references (HO)
)
\c@section@level=\count294
)
LaTeX Info: Redefining \ref on input line 108.
LaTeX Info: Redefining \pageref on input line 108.
LaTeX Info: Redefining \nameref on input line 108.
(./Final_Manuscript.out) (./Final_Manuscript.out)
\@outlinefile=\write5
\openout5 = `Final_Manuscript.out'.

LaTeX Font Info:    Trying to load font information for OT1+lmr on input line 1
10.
(/Users/laneejung/Library/TinyTeX/texmf-dist/tex/latex/lm/ot1lmr.fd
File: ot1lmr.fd 2009/10/30 v1.6 Font defs for Latin Modern
)
LaTeX Font Info:    Trying to load font information for OML+lmm on input line 1
10.
(/Users/laneejung/Library/TinyTeX/texmf-dist/tex/latex/lm/omllmm.fd
File: omllmm.fd 2009/10/30 v1.6 Font defs for Latin Modern
)
LaTeX Font Info:    Trying to load font information for OMS+lmsy on input line 
110.
(/Users/laneejung/Library/TinyTeX/texmf-dist/tex/latex/lm/omslmsy.fd
File: omslmsy.fd 2009/10/30 v1.6 Font defs for Latin Modern
)
LaTeX Font Info:    Trying to load font information for OMX+lmex on input line 
110.
(/Users/laneejung/Library/TinyTeX/texmf-dist/tex/latex/lm/omxlmex.fd
File: omxlmex.fd 2009/10/30 v1.6 Font defs for Latin Modern
)
LaTeX Font Info:    External font `lmex10' loaded for size
(Font)              <12> on input line 110.
LaTeX Font Info:    External font `lmex10' loaded for size
(Font)              <8> on input line 110.
LaTeX Font Info:    External font `lmex10' loaded for size
(Font)              <6> on input line 110.
LaTeX Font Info:    Trying to load font information for U+msa on input line 110
.
(/Users/laneejung/Library/TinyTeX/texmf-dist/tex/latex/amsfonts/umsa.fd
File: umsa.fd 2013/01/14 v3.01 AMS symbols A
)
LaTeX Font Info:    Trying to load font information for U+msb on input line 110
.
(/Users/laneejung/Library/TinyTeX/texmf-dist/tex/latex/amsfonts/umsb.fd
File: umsb.fd 2013/01/14 v3.01 AMS symbols B
) [1{/Users/laneejung/Library/TinyTeX/texmf-var/fonts/map/pdftex/updmap/pdftex.
map}

] [2]
Underfull \vbox (badness 1838) has occurred while \output is active []

[3]
Underfull \vbox (badness 7649) has occurred while \output is active []

[4] [5] [6] [7] [8]
Underfull \vbox (badness 3977) has occurred while \output is active []

[9]
\openout3 = `Final_Manuscript.ttt'.

(Final_Manuscript.ttt) [10] [11] [12] [13]
\openout4 = `Final_Manuscript.fff'.

(Final_Manuscript.fff) [14]

LaTeX Warning: Reference `tab:mlm' on page 15 undefined on input line 267.

[15]
Underfull \vbox (badness 3977) has occurred while \output is active []

[16] [17] [18]
Underfull \vbox (badness 3977) has occurred while \output is active []

[19]
Underfull \vbox (badness 3977) has occurred while \output is active []

[20] [21] [22] [23] [24] [25] [26] [27] [28] [29] [30]pdfTeX warning (ext4): de
stination with the same identifier (name{ref-argyle1969}) has been already used
, duplicate ignored
<to be read again> 
                   \relax 
l.590 \leavevmode\hypertarget{ref-argyle1969}{}
                                               % [31]pdfTeX warning (ext4): des
tination with the same identifier (name{ref-R-papaja}) has been already used, d
uplicate ignored
<to be read again> 
                   \relax 
l.593 \leavevmode\hypertarget{ref-R-papaja}{}
                                             %pdfTeX warning (ext4): destinatio
n with the same identifier (name{ref-Bartky}) has been already used, duplicate 
ignored
<to be read again> 
                   \relax 
l.596 \leavevmode\hypertarget{ref-Bartky}{}
                                           %pdfTeX warning (ext4): destination 
with the same identifier (name{ref-R-Matrix}) has been already used, duplicate 
ignored
<to be read again> 
                   \relax 
l.599 \leavevmode\hypertarget{ref-R-Matrix}{}
                                             %pdfTeX warning (ext4): destinatio
n with the same identifier (name{ref-berger1972}) has been already used, duplic
ate ignored
<to be read again> 
                   \relax 
l.602 \leavevmode\hypertarget{ref-berger1972}{}
                                               %pdfTeX warning (ext4): destinat
ion with the same identifier (name{ref-R-lpSolve}) has been already used, dupli
cate ignored
<to be read again> 
                   \relax 
l.605 \leavevmode\hypertarget{ref-R-lpSolve}{}
                                              %pdfTeX warning (ext4): destinati
on with the same identifier (name{ref-bernard2018bodies}) has been already used
, duplicate ignored
<to be read again> 
                   \relax 
l.608 ...mode\hypertarget{ref-bernard2018bodies}{}
                                                  %pdfTeX warning (ext4): desti
nation with the same identifier (name{ref-briton1995}) has been already used, d
uplicate ignored
<to be read again> 
                   \relax 
l.611 \leavevmode\hypertarget{ref-briton1995}{}
                                               %pdfTeX warning (ext4): destinat
ion with the same identifier (name{ref-brown1987lesbians}) has been already use
d, duplicate ignored
<to be read again> 
                   \relax 
l.614 ...mode\hypertarget{ref-brown1987lesbians}{}
                                                  %pdfTeX warning (ext4): desti
nation with the same identifier (name{ref-brownlow1998relationship}) has been a
lready used, duplicate ignored
<to be read again> 
                   \relax 
l.617 ...pertarget{ref-brownlow1998relationship}{}
                                                  %pdfTeX warning (ext4): desti
nation with the same identifier (name{ref-brunelletal2010}) has been already us
ed, duplicate ignored
<to be read again> 
                   \relax 
l.620 ...evmode\hypertarget{ref-brunelletal2010}{}
                                                  % [32]pdfTeX warning (ext4): 
destination with the same identifier (name{ref-bury2016}) has been already used
, duplicate ignored
<to be read again> 
                   \relax 
l.623 \leavevmode\hypertarget{ref-bury2016}{}
                                             %pdfTeX warning (ext4): destinatio
n with the same identifier (name{ref-calogero2004test}) has been already used, 
duplicate ignored
<to be read again> 
                   \relax 
l.626 ...vmode\hypertarget{ref-calogero2004test}{}
                                                  %pdfTeX warning (ext4): desti
nation with the same identifier (name{ref-calogero2011}) has been already used,
 duplicate ignored
<to be read again> 
                   \relax 
l.629 \leavevmode\hypertarget{ref-calogero2011}{}
                                                 %pdfTeX warning (ext4): destin
ation with the same identifier (name{ref-R-xtable}) has been already used, dupl
icate ignored
<to be read again> 
                   \relax 
l.632 \leavevmode\hypertarget{ref-R-xtable}{}
                                             %pdfTeX warning (ext4): destinatio
n with the same identifier (name{ref-deaux1987putting}) has been already used, 
duplicate ignored
<to be read again> 
                   \relax 
l.635 ...vmode\hypertarget{ref-deaux1987putting}{}
                                                  %pdfTeX warning (ext4): desti
nation with the same identifier (name{ref-dovidio2006nonverbal}) has been alrea
dy used, duplicate ignored
<to be read again> 
                   \relax 
l.638 ...e\hypertarget{ref-dovidio2006nonverbal}{}
                                                  %pdfTeX warning (ext4): desti
nation with the same identifier (name{ref-frasernicholson1989}) has been alread
y used, duplicate ignored
<to be read again> 
                   \relax 
l.641 ...de\hypertarget{ref-frasernicholson1989}{}
                                                  %pdfTeX warning (ext4): desti
nation with the same identifier (name{ref-fredricksonetal2011}) has been alread
y used, duplicate ignored
<to be read again> 
                   \relax 
l.644 ...de\hypertarget{ref-fredricksonetal2011}{}
                                                  %pdfTeX warning (ext4): desti
nation with the same identifier (name{ref-fredrickson1998swimsuit}) has been al
ready used, duplicate ignored
<to be read again> 
                   \relax 
l.647 ...ypertarget{ref-fredrickson1998swimsuit}{}
                                                  %pdfTeX warning (ext4): desti
nation with the same identifier (name{ref-R-irr}) has been already used, duplic
ate ignored
<to be read again> 
                   \relax 
l.650 \leavevmode\hypertarget{ref-R-irr}{}
                                          % [33]pdfTeX warning (ext4): destinat
ion with the same identifier (name{ref-garcia2016objectification}) has been alr
eady used, duplicate ignored
<to be read again> 
                   \relax 
l.653 ...ertarget{ref-garcia2016objectification}{}
                                                  %pdfTeX warning (ext4): desti
nation with the same identifier (name{ref-garcia2015moderation}) has been alrea
dy used, duplicate ignored
<to be read again> 
                   \relax 
l.656 ...e\hypertarget{ref-garcia2015moderation}{}
                                                  %pdfTeX warning (ext4): desti
nation with the same identifier (name{ref-gay2010my}) has been already used, du
plicate ignored
<to be read again> 
                   \relax 
l.659 \leavevmode\hypertarget{ref-gay2010my}{}
                                              %pdfTeX warning (ext4): destinati
on with the same identifier (name{ref-gervais2013my}) has been already used, du
plicate ignored
<to be read again> 
                   \relax 
l.662 \leavevmode\hypertarget{ref-gervais2013my}{}
                                                  %pdfTeX warning (ext4): desti
nation with the same identifier (name{ref-gervais2020social}) has been already 
used, duplicate ignored
<to be read again> 
                   \relax 
l.665 ...mode\hypertarget{ref-gervais2020social}{}
                                                  %pdfTeX warning (ext4): desti
nation with the same identifier (name{ref-gervais2011you}) has been already use
d, duplicate ignored
<to be read again> 
                   \relax 
l.668 ...vevmode\hypertarget{ref-gervais2011you}{}
                                                  %pdfTeX warning (ext4): desti
nation with the same identifier (name{ref-harsey2020men}) has been already used
, duplicate ignored
<to be read again> 
                   \relax 
l.671 \leavevmode\hypertarget{ref-harsey2020men}{}
                                                  %pdfTeX warning (ext4): desti
nation with the same identifier (name{ref-hebl2005promoting}) has been already 
used, duplicate ignored
<to be read again> 
                   \relax 
l.674 ...mode\hypertarget{ref-hebl2005promoting}{}
                                                  %pdfTeX warning (ext4): desti
nation with the same identifier (name{ref-R-purrr}) has been already used, dupl
icate ignored
<to be read again> 
                   \relax 
l.677 \leavevmode\hypertarget{ref-R-purrr}{}
                                            %pdfTeX warning (ext4): destination
 with the same identifier (name{ref-R-ggstance}) has been already used, duplica
te ignored
<to be read again> 
                   \relax 
l.680 \leavevmode\hypertarget{ref-R-ggstance}{}
                                               % [34]pdfTeX warning (ext4): des
tination with the same identifier (name{ref-hill2008examining}) has been alread
y used, duplicate ignored
<to be read again> 
                   \relax 
l.683 ...mode\hypertarget{ref-hill2008examining}{}
                                                  %pdfTeX warning (ext4): desti
nation with the same identifier (name{ref-holland2016}) has been already used, 
duplicate ignored
<to be read again> 
                   \relax 
l.686 \leavevmode\hypertarget{ref-holland2016}{}
                                                %pdfTeX warning (ext4): destina
tion with the same identifier (name{ref-R-kutils}) has been already used, dupli
cate ignored
<to be read again> 
                   \relax 
l.689 \leavevmode\hypertarget{ref-R-kutils}{}
                                             %pdfTeX warning (ext4): destinatio
n with the same identifier (name{ref-jongenelis2014}) has been already used, du
plicate ignored
<to be read again> 
                   \relax 
l.692 ...vevmode\hypertarget{ref-jongenelis2014}{}
                                                  %pdfTeX warning (ext4): desti
nation with the same identifier (name{ref-kahalon2018don}) has been already use
d, duplicate ignored
<to be read again> 
                   \relax 
l.695 ...vevmode\hypertarget{ref-kahalon2018don}{}
                                                  %pdfTeX warning (ext4): desti
nation with the same identifier (name{ref-R-ggformula}) has been already used, 
duplicate ignored
<to be read again> 
                   \relax 
l.698 \leavevmode\hypertarget{ref-R-ggformula}{}
                                                %pdfTeX warning (ext4): destina
tion with the same identifier (name{ref-ledermann2017analyzing}) has been alrea
dy used, duplicate ignored
<to be read again> 
                   \relax 
l.701 ...hypertarget{ref-ledermann2017analyzing}{}
                                                  %pdfTeX warning (ext4): desti
nation with the same identifier (name{ref-logel2009interacting}) has been alrea
dy used, duplicate ignored
<to be read again> 
                   \relax 
l.704 ...e\hypertarget{ref-logel2009interacting}{}
                                                  %pdfTeX warning (ext4): desti
nation with the same identifier (name{ref-loughnan2015exploring}) has been alre
ady used, duplicate ignored
<to be read again> 
                   \relax 
l.707 ...\hypertarget{ref-loughnan2015exploring}{}
                                                  % [35]pdfTeX warning (ext4): 
destination with the same identifier (name{ref-loughnan2015}) has been already 
used, duplicate ignored
<to be read again> 
                   \relax 
l.710 \leavevmode\hypertarget{ref-loughnan2015}{}
                                                 %pdfTeX warning (ext4): destin
ation with the same identifier (name{ref-lum1994lesbians}) has been already use
d, duplicate ignored
<to be read again> 
                   \relax 
l.713 ...evmode\hypertarget{ref-lum1994lesbians}{}
                                                  %pdfTeX warning (ext4): desti
nation with the same identifier (name{ref-mcfarlin1984remote}) has been already
 used, duplicate ignored
<to be read again> 
                   \relax 
l.716 ...ode\hypertarget{ref-mcfarlin1984remote}{}
                                                  %pdfTeX warning (ext4): desti
nation with the same identifier (name{ref-meltzer2020women}) has been already u
sed, duplicate ignored
<to be read again> 
                   \relax 
l.719 ...vmode\hypertarget{ref-meltzer2020women}{}
                                                  %pdfTeX warning (ext4): desti
nation with the same identifier (name{ref-miles2015stop}) has been already used
, duplicate ignored
<to be read again> 
                   \relax 
l.722 \leavevmode\hypertarget{ref-miles2015stop}{}
                                                  %pdfTeX warning (ext4): desti
nation with the same identifier (name{ref-nollfredrickson1998}) has been alread
y used, duplicate ignored
<to be read again> 
                   \relax 
l.725 ...de\hypertarget{ref-nollfredrickson1998}{}
                                                  %pdfTeX warning (ext4): desti
nation with the same identifier (name{ref-moradi2008}) has been already used, d
uplicate ignored
<to be read again> 
                   \relax 
l.728 \leavevmode\hypertarget{ref-moradi2008}{}
                                               %pdfTeX warning (ext4): destinat
ion with the same identifier (name{ref-morry2001magazine}) has been already use
d, duplicate ignored
<to be read again> 
                   \relax 
l.731 ...mode\hypertarget{ref-morry2001magazine}{}
                                                  %pdfTeX warning (ext4): desti
nation with the same identifier (name{ref-R-tibble}) has been already used, dup
licate ignored
<to be read again> 
                   \relax 
l.734 \leavevmode\hypertarget{ref-R-tibble}{}
                                             % [36]pdfTeX warning (ext4): desti
nation with the same identifier (name{ref-noffsinger2004objectification}) has b
een already used, duplicate ignored
<to be read again> 
                   \relax 
l.737 ...rget{ref-noffsinger2004objectification}{}
                                                  %pdfTeX warning (ext4): desti
nation with the same identifier (name{ref-olsen2006structural}) has been alread
y used, duplicate ignored
<to be read again> 
                   \relax 
l.740 ...de\hypertarget{ref-olsen2006structural}{}
                                                  %pdfTeX warning (ext4): desti
nation with the same identifier (name{ref-grayobrien2007}) has been already use
d, duplicate ignored
<to be read again> 
                   \relax 
l.743 ...vevmode\hypertarget{ref-grayobrien2007}{}
                                                  %pdfTeX warning (ext4): desti
nation with the same identifier (name{ref-R-nlme}) has been already used, dupli
cate ignored
<to be read again> 
                   \relax 
l.746 \leavevmode\hypertarget{ref-R-nlme}{}
                                           %pdfTeX warning (ext4): destination 
with the same identifier (name{ref-pitman1999body}) has been already used, dupl
icate ignored
<to be read again> 
                   \relax 
l.749 ...vevmode\hypertarget{ref-pitman1999body}{}
                                                  %pdfTeX warning (ext4): desti
nation with the same identifier (name{ref-R-mosaicData}) has been already used,
 duplicate ignored
<to be read again> 
                   \relax 
l.752 \leavevmode\hypertarget{ref-R-mosaicData}{}
                                                 %pdfTeX warning (ext4): destin
ation with the same identifier (name{ref-R-mosaic}) has been already used, dupl
icate ignored
<to be read again> 
                   \relax 
l.755 \leavevmode\hypertarget{ref-R-mosaic}{}
                                             %pdfTeX warning (ext4): destinatio
n with the same identifier (name{ref-puvia2013being}) has been already used, du
plicate ignored
<to be read again> 
                   \relax 
l.758 ...vevmode\hypertarget{ref-puvia2013being}{}
                                                  %pdfTeX warning (ext4): desti
nation with the same identifier (name{ref-quinnetal}) has been already used, du
plicate ignored
<to be read again> 
                   \relax 
l.761 \leavevmode\hypertarget{ref-quinnetal}{}
                                              % [37]pdfTeX warning (ext4): dest
ination with the same identifier (name{ref-quinn2011performance}) has been alre
ady used, duplicate ignored
<to be read again> 
                   \relax 
l.764 ...e\hypertarget{ref-quinn2011performance}{}
                                                  %pdfTeX warning (ext4): desti
nation with the same identifier (name{ref-R-base}) has been already used, dupli
cate ignored
<to be read again> 
                   \relax 
l.767 \leavevmode\hypertarget{ref-R-base}{}
                                           %pdfTeX warning (ext4): destination 
with the same identifier (name{ref-R-psych}) has been already used, duplicate i
gnored
<to be read again> 
                   \relax 
l.770 \leavevmode\hypertarget{ref-R-psych}{}
                                            %pdfTeX warning (ext4): destination
 with the same identifier (name{ref-robertsfredrickson}) has been already used,
 duplicate ignored
<to be read again> 
                   \relax 
l.773 ...ode\hypertarget{ref-robertsfredrickson}{}
                                                  %pdfTeX warning (ext4): desti
nation with the same identifier (name{ref-R-lavaan}) has been already used, dup
licate ignored
<to be read again> 
                   \relax 
l.776 \leavevmode\hypertarget{ref-R-lavaan}{}
                                             %pdfTeX warning (ext4): destinatio
n with the same identifier (name{ref-rubin1975}) has been already used, duplica
te ignored
<to be read again> 
                   \relax 
l.779 \leavevmode\hypertarget{ref-rubin1975}{}
                                              %pdfTeX warning (ext4): destinati
on with the same identifier (name{ref-saguyetal2010}) has been already used, du
plicate ignored
<to be read again> 
                   \relax 
l.782 \leavevmode\hypertarget{ref-saguyetal2010}{}
                                                  %pdfTeX warning (ext4): desti
nation with the same identifier (name{ref-sanchez2008romance}) has been already
 used, duplicate ignored
<to be read again> 
                   \relax 
l.785 ...ode\hypertarget{ref-sanchez2008romance}{}
                                                  %pdfTeX warning (ext4): desti
nation with the same identifier (name{ref-R-lattice}) has been already used, du
plicate ignored
<to be read again> 
                   \relax 
l.788 \leavevmode\hypertarget{ref-R-lattice}{}
                                              %pdfTeX warning (ext4): destinati
on with the same identifier (name{ref-siever1994sexual}) has been already used,
 duplicate ignored
<to be read again> 
                   \relax 
l.791 ...vmode\hypertarget{ref-siever1994sexual}{}
                                                  % [38]pdfTeX warning (ext4): 
destination with the same identifier (name{ref-R-apaTables}) has been already u
sed, duplicate ignored
<to be read again> 
                   \relax 
l.794 \leavevmode\hypertarget{ref-R-apaTables}{}
                                                %pdfTeX warning (ext4): destina
tion with the same identifier (name{ref-strelan2005women}) has been already use
d, duplicate ignored
<to be read again> 
                   \relax 
l.797 ...vmode\hypertarget{ref-strelan2005women}{}
                                                  %pdfTeX warning (ext4): desti
nation with the same identifier (name{ref-strelan2018birds}) has been already u
sed, duplicate ignored
<to be read again> 
                   \relax 
l.800 ...vmode\hypertarget{ref-strelan2018birds}{}
                                                  %pdfTeX warning (ext4): desti
nation with the same identifier (name{ref-strong2000eating}) has been already u
sed, duplicate ignored
<to be read again> 
                   \relax 
l.803 ...vmode\hypertarget{ref-strong2000eating}{}
                                                  %pdfTeX warning (ext4): desti
nation with the same identifier (name{ref-swimetal}) has been already used, dup
licate ignored
<to be read again> 
                   \relax 
l.806 \leavevmode\hypertarget{ref-swimetal}{}
                                             %pdfTeX warning (ext4): destinatio
n with the same identifier (name{ref-tolman2006looking}) has been already used,
 duplicate ignored
<to be read again> 
                   \relax 
l.809 ...mode\hypertarget{ref-tolman2006looking}{}
                                                  %pdfTeX warning (ext4): desti
nation with the same identifier (name{ref-R-ggplot2}) has been already used, du
plicate ignored
<to be read again> 
                   \relax 
l.812 \leavevmode\hypertarget{ref-R-ggplot2}{}
                                              %pdfTeX warning (ext4): destinati
on with the same identifier (name{ref-R-tidyverse}) has been already used, dupl
icate ignored
<to be read again> 
                   \relax 
l.815 \leavevmode\hypertarget{ref-R-tidyverse}{}
                                                %pdfTeX warning (ext4): destina
tion with the same identifier (name{ref-R-forcats}) has been already used, dupl
icate ignored
<to be read again> 
                   \relax 
l.818 \leavevmode\hypertarget{ref-R-forcats}{}
                                              %pdfTeX warning (ext4): destinati
on with the same identifier (name{ref-R-stringr}) has been already used, duplic
ate ignored
<to be read again> 
                   \relax 
l.821 \leavevmode\hypertarget{ref-R-stringr}{}
                                              %pdfTeX warning (ext4): destinati
on with the same identifier (name{ref-R-usethis}) has been already used, duplic
ate ignored
<to be read again> 
                   \relax 
l.824 \leavevmode\hypertarget{ref-R-usethis}{}
                                              % [39]pdfTeX warning (ext4): dest
ination with the same identifier (name{ref-R-dplyr}) has been already used, dup
licate ignored
<to be read again> 
                   \relax 
l.827 \leavevmode\hypertarget{ref-R-dplyr}{}
                                            %pdfTeX warning (ext4): destination
 with the same identifier (name{ref-R-tidyr}) has been already used, duplicate 
ignored
<to be read again> 
                   \relax 
l.830 \leavevmode\hypertarget{ref-R-tidyr}{}
                                            %pdfTeX warning (ext4): destination
 with the same identifier (name{ref-R-devtools}) has been already used, duplica
te ignored
<to be read again> 
                   \relax 
l.833 \leavevmode\hypertarget{ref-R-devtools}{}
                                               %pdfTeX warning (ext4): destinat
ion with the same identifier (name{ref-R-readr}) has been already used, duplica
te ignored
<to be read again> 
                   \relax 
l.836 \leavevmode\hypertarget{ref-R-readr}{}
                                            %pdfTeX warning (ext4): destination
 with the same identifier (name{ref-R-haven}) has been already used, duplicate 
ignored
<to be read again> 
                   \relax 
l.839 \leavevmode\hypertarget{ref-R-haven}{}
                                            %pdfTeX warning (ext4): destination
 with the same identifier (name{ref-wollast2020cultural}) has been already used
, duplicate ignored
<to be read again> 
                   \relax 
l.842 ...de\hypertarget{ref-wollast2020cultural}{}
                                                  %pdfTeX warning (ext4): desti
nation with the same identifier (name{ref-R-knitr}) has been already used, dupl
icate ignored
<to be read again> 
                   \relax 
l.845 \leavevmode\hypertarget{ref-R-knitr}{}
                                            %pdfTeX warning (ext4): destination
 with the same identifier (name{ref-yilmaz2019whose}) has been already used, du
plicate ignored
<to be read again> 
                   \relax 
l.848 ...evmode\hypertarget{ref-yilmaz2019whose}{}
                                                  %pdfTeX warning (ext4): desti
nation with the same identifier (name{ref-young1979}) has been already used, du
plicate ignored
<to be read again> 
                   \relax 
l.851 \leavevmode\hypertarget{ref-young1979}{}
                                              %pdfTeX warning (ext4): destinati
on with the same identifier (name{ref-zurbriggen2011self}) has been already use
d, duplicate ignored
<to be read again> 
                   \relax 
l.854 ...ode\hypertarget{ref-zurbriggen2011self}{}
                                                  % AED endfloat: Processing en
d Figures and Tables [40] (./Final_Manuscript.ttt) [41


] [42] (./Final_Manuscript.fff
<APIM_figure.png, id=403, 602.25pt x 280.04625pt>
File: APIM_figure.png Graphic file (type png)
<use APIM_figure.png>
Package pdftex.def Info: APIM_figure.png  used on input line 4.
(pdftex.def)             Requested size: 401.52045pt x 186.707pt.
<2016_figure.jpg, id=405, 963.6pt x 542.025pt>
File: 2016_figure.jpg Graphic file (type jpg)
<use 2016_figure.jpg>
Package pdftex.def Info: 2016_figure.jpg  used on input line 9.
(pdftex.def)             Requested size: 401.48921pt x 225.83768pt.
<SEMfigure.png, id=406, 651.43375pt x 344.28625pt>
File: SEMfigure.png Graphic file (type png)
<use SEMfigure.png>
Package pdftex.def Info: SEMfigure.png  used on input line 14.
(pdftex.def)             Requested size: 401.50906pt x 212.1997pt.
)
Package atveryend Info: Empty hook `BeforeClearDocument' on input line 859.
[43

 <./APIM_figure.png>] [44 <./2016_figure.jpg> <./SEMfigure.png>]
Package atveryend Info: Empty hook `AfterLastShipout' on input line 859.
(./Final_Manuscript.aux)
Package atveryend Info: Executing hook `AtVeryEndDocument' on input line 859.
Package atveryend Info: Executing hook `AtEndAfterFileList' on input line 859.
Package rerunfilecheck Info: File `Final_Manuscript.out' has not changed.
(rerunfilecheck)             Checksum: 1F1FE44C96F91997730859E850A41371;1146.

LaTeX Warning: There were undefined references.

 ) 
Here is how much of TeX's memory you used:
 13895 strings out of 482829
 203499 string characters out of 5954588
 464624 words of memory out of 5000000
 28840 multiletter control sequences out of 15000+600000
 575536 words of font info for 63 fonts, out of 8000000 for 9000
 14 hyphenation exceptions out of 8191
 46i,12n,51p,1820b,561s stack positions out of 5000i,500n,10000p,200000b,80000s
{/Users/laneejung/Library/TinyTeX/texmf-dist/fonts/enc/dvips/lm/lm-mathit.enc
}{/Users/laneejung/Library/TinyTeX/texmf-dist/fonts/enc/dvips/lm/lm-ec.enc}</Us
ers/laneejung/Library/TinyTeX/texmf-dist/fonts/type1/public/lm/lmbx12.pfb></Use
rs/laneejung/Library/TinyTeX/texmf-dist/fonts/type1/public/lm/lmmi12.pfb></User
s/laneejung/Library/TinyTeX/texmf-dist/fonts/type1/public/lm/lmr12.pfb></Users/
laneejung/Library/TinyTeX/texmf-dist/fonts/type1/public/lm/lmr8.pfb></Users/lan
eejung/Library/TinyTeX/texmf-dist/fonts/type1/public/lm/lmri12.pfb>
Output written on Final_Manuscript.pdf (44 pages, 472538 bytes).
PDF statistics:
 475 PDF objects out of 1000 (max. 8388607)
 414 compressed objects within 5 object streams
 154 named destinations out of 1000 (max. 500000)
 72 words of extra memory for PDF output out of 10000 (max. 10000000)

